Performing C SOURCE FILE Test CMAKE_HAVE_LIBC_PTHREAD failed with the following output:
Change Dir: /home/pi/Projects/space-harp/build/CMakeFiles/CMakeTmp

Run Build Command(s):/usr/bin/make -f Makefile cmTC_c2643/fast && /usr/bin/make  -f CMakeFiles/cmTC_c2643.dir/build.make CMakeFiles/cmTC_c2643.dir/build
make[1]: Entering directory '/home/pi/Projects/space-harp/build/CMakeFiles/CMakeTmp'
Building C object CMakeFiles/cmTC_c2643.dir/src.c.o
/usr/bin/cc -DCMAKE_HAVE_LIBC_PTHREAD   -o CMakeFiles/cmTC_c2643.dir/src.c.o -c /home/pi/Projects/space-harp/build/CMakeFiles/CMakeTmp/src.c
Linking C executable cmTC_c2643
/usr/local/bin/cmake -E cmake_link_script CMakeFiles/cmTC_c2643.dir/link.txt --verbose=1
/usr/bin/cc CMakeFiles/cmTC_c2643.dir/src.c.o -o cmTC_c2643 
/usr/bin/ld: CMakeFiles/cmTC_c2643.dir/src.c.o: in function `main':
src.c:(.text+0x40): undefined reference to `pthread_create'
/usr/bin/ld: src.c:(.text+0x4c): undefined reference to `pthread_detach'
/usr/bin/ld: src.c:(.text+0x58): undefined reference to `pthread_cancel'
/usr/bin/ld: src.c:(.text+0x68): undefined reference to `pthread_join'
collect2: error: ld returned 1 exit status
make[1]: *** [CMakeFiles/cmTC_c2643.dir/build.make:99: cmTC_c2643] Error 1
make[1]: Leaving directory '/home/pi/Projects/space-harp/build/CMakeFiles/CMakeTmp'
make: *** [Makefile:127: cmTC_c2643/fast] Error 2


Source file was:
#include <pthread.h>

static void* test_func(void* data)
{
  return data;
}

int main(void)
{
  pthread_t thread;
  pthread_create(&thread, NULL, test_func, NULL);
  pthread_detach(thread);
  pthread_cancel(thread);
  pthread_join(thread, NULL);
  pthread_atfork(NULL, NULL, NULL);
  pthread_exit(NULL);

  return 0;
}

Determining if the function pthread_create exists in the pthreads failed with the following output:
Change Dir: /home/pi/Projects/space-harp/build/CMakeFiles/CMakeTmp

Run Build Command(s):/usr/bin/make -f Makefile cmTC_cccaf/fast && /usr/bin/make  -f CMakeFiles/cmTC_cccaf.dir/build.make CMakeFiles/cmTC_cccaf.dir/build
make[1]: Entering directory '/home/pi/Projects/space-harp/build/CMakeFiles/CMakeTmp'
Building C object CMakeFiles/cmTC_cccaf.dir/CheckFunctionExists.c.o
/usr/bin/cc   -DCHECK_FUNCTION_EXISTS=pthread_create -o CMakeFiles/cmTC_cccaf.dir/CheckFunctionExists.c.o -c /usr/local/share/cmake-3.19/Modules/CheckFunctionExists.c
Linking C executable cmTC_cccaf
/usr/local/bin/cmake -E cmake_link_script CMakeFiles/cmTC_cccaf.dir/link.txt --verbose=1
/usr/bin/cc  -DCHECK_FUNCTION_EXISTS=pthread_create CMakeFiles/cmTC_cccaf.dir/CheckFunctionExists.c.o -o cmTC_cccaf  -lpthreads 
/usr/bin/ld: cannot find -lpthreads
collect2: error: ld returned 1 exit status
make[1]: *** [CMakeFiles/cmTC_cccaf.dir/build.make:99: cmTC_cccaf] Error 1
make[1]: Leaving directory '/home/pi/Projects/space-harp/build/CMakeFiles/CMakeTmp'
make: *** [Makefile:127: cmTC_cccaf/fast] Error 2



Performing C SOURCE FILE Test CMAKE_HAVE_LIBC_PTHREAD failed with the following output:
Change Dir: /home/pi/Projects/space-harp/v3/build/CMakeFiles/CMakeTmp

Run Build Command(s):/usr/bin/make cmTC_8a8e6/fast && /usr/bin/make -f CMakeFiles/cmTC_8a8e6.dir/build.make CMakeFiles/cmTC_8a8e6.dir/build
make[1]: Entering directory '/home/pi/Projects/space-harp/v3/build/CMakeFiles/CMakeTmp'
Building C object CMakeFiles/cmTC_8a8e6.dir/src.c.o
/usr/bin/cc   -DCMAKE_HAVE_LIBC_PTHREAD   -o CMakeFiles/cmTC_8a8e6.dir/src.c.o   -c /home/pi/Projects/space-harp/v3/build/CMakeFiles/CMakeTmp/src.c
Linking C executable cmTC_8a8e6
/usr/bin/cmake -E cmake_link_script CMakeFiles/cmTC_8a8e6.dir/link.txt --verbose=1
/usr/bin/cc  -DCMAKE_HAVE_LIBC_PTHREAD    CMakeFiles/cmTC_8a8e6.dir/src.c.o  -o cmTC_8a8e6 
/usr/bin/ld: CMakeFiles/cmTC_8a8e6.dir/src.c.o: in function `main':
src.c:(.text+0x40): undefined reference to `pthread_create'
/usr/bin/ld: src.c:(.text+0x4c): undefined reference to `pthread_detach'
/usr/bin/ld: src.c:(.text+0x5c): undefined reference to `pthread_join'
collect2: error: ld returned 1 exit status
make[1]: *** [CMakeFiles/cmTC_8a8e6.dir/build.make:87: cmTC_8a8e6] Error 1
make[1]: Leaving directory '/home/pi/Projects/space-harp/v3/build/CMakeFiles/CMakeTmp'
make: *** [Makefile:121: cmTC_8a8e6/fast] Error 2


Source file was:
#include <pthread.h>

void* test_func(void* data)
{
  return data;
}

int main(void)
{
  pthread_t thread;
  pthread_create(&thread, NULL, test_func, NULL);
  pthread_detach(thread);
  pthread_join(thread, NULL);
  pthread_atfork(NULL, NULL, NULL);
  pthread_exit(NULL);

  return 0;
}

Determining if the function pthread_create exists in the pthreads failed with the following output:
Change Dir: /home/pi/Projects/space-harp/v3/build/CMakeFiles/CMakeTmp

Run Build Command(s):/usr/bin/make cmTC_ee0b9/fast && /usr/bin/make -f CMakeFiles/cmTC_ee0b9.dir/build.make CMakeFiles/cmTC_ee0b9.dir/build
make[1]: Entering directory '/home/pi/Projects/space-harp/v3/build/CMakeFiles/CMakeTmp'
Building C object CMakeFiles/cmTC_ee0b9.dir/CheckFunctionExists.c.o
/usr/bin/cc   -DCHECK_FUNCTION_EXISTS=pthread_create   -o CMakeFiles/cmTC_ee0b9.dir/CheckFunctionExists.c.o   -c /usr/share/cmake-3.16/Modules/CheckFunctionExists.c
Linking C executable cmTC_ee0b9
/usr/bin/cmake -E cmake_link_script CMakeFiles/cmTC_ee0b9.dir/link.txt --verbose=1
/usr/bin/cc  -DCHECK_FUNCTION_EXISTS=pthread_create    CMakeFiles/cmTC_ee0b9.dir/CheckFunctionExists.c.o  -o cmTC_ee0b9  -lpthreads 
/usr/bin/ld: cannot find -lpthreads
collect2: error: ld returned 1 exit status
make[1]: *** [CMakeFiles/cmTC_ee0b9.dir/build.make:87: cmTC_ee0b9] Error 1
make[1]: Leaving directory '/home/pi/Projects/space-harp/v3/build/CMakeFiles/CMakeTmp'
make: *** [Makefile:121: cmTC_ee0b9/fast] Error 2



